<?xml version="1.0" encoding="UTF-8"?>
<!-- Generated by org.testng.reporters.JUnitXMLReporter -->
<testsuite ignored="6" hostname="hp" failures="0" tests="1" name="Default test" time="2.158" errors="0" timestamp="2023-09-19T16:47:04 IST">
  <testcase classname="StringProgram.Input_MynameIsSeleniumANdOutPutIs_av_ajsi_em_anym" name="selenium" time="2.126"/>
  <testcase classname="StringProgram.Input_MynameIsSeleniumANdOutPutIs_av_ajsi_em_anym" name="method2" time="0.0">
    <ignored/>
  </testcase> <!-- method2 -->
  <testcase classname="StringProgram.Input_MynameIsSeleniumANdOutPutIs_av_ajsi_em_anym" name="sort" time="0.0">
    <ignored/>
  </testcase> <!-- sort -->
  <testcase classname="StringProgram.Input_MynameIsSeleniumANdOutPutIs_av_ajsi_em_anym" name="arraysort" time="0.0">
    <ignored/>
  </testcase> <!-- arraysort -->
  <testcase classname="StringProgram.Input_MynameIsSeleniumANdOutPutIs_av_ajsi_em_anym" name="occuranceOfStringDifferentWays" time="0.0">
    <ignored/>
  </testcase> <!-- occuranceOfStringDifferentWays -->
  <testcase classname="StringProgram.Input_MynameIsSeleniumANdOutPutIs_av_ajsi_em_anym" name="reverse" time="0.0">
    <ignored/>
  </testcase> <!-- reverse -->
  <testcase classname="StringProgram.Input_MynameIsSeleniumANdOutPutIs_av_ajsi_em_anym" name="characterArraySort" time="0.0">
    <ignored/>
  </testcase> <!-- characterArraySort -->
</testsuite> <!-- Default test -->
