<?xml version="1.0" encoding="UTF-8"?>
<testng-results ignored="6" total="7" passed="1" failed="0" skipped="0">
  <reporter-output>
  </reporter-output>
  <suite started-at="2023-09-19T16:47:02 IST" name="Default suite" finished-at="2023-09-19T16:47:04 IST" duration-ms="2158">
    <groups>
    </groups>
    <test started-at="2023-09-19T16:47:02 IST" name="Default test" finished-at="2023-09-19T16:47:04 IST" duration-ms="2158">
      <class name="StringProgram.Input_MynameIsSeleniumANdOutPutIs_av_ajsi_em_anym">
        <test-method signature="selenium()[pri:0, instance:StringProgram.Input_MynameIsSeleniumANdOutPutIs_av_ajsi_em_anym@6283d8b8]" started-at="2023-09-19T16:47:02 IST" name="selenium" finished-at="2023-09-19T16:47:04 IST" duration-ms="2126" status="PASS">
          <reporter-output>
          </reporter-output>
        </test-method> <!-- selenium -->
      </class> <!-- StringProgram.Input_MynameIsSeleniumANdOutPutIs_av_ajsi_em_anym -->
    </test> <!-- Default test -->
  </suite> <!-- Default suite -->
</testng-results>
